<?xml version="1.0" encoding="UTF-8"?>
<testng-results skipped="0" failed="0" ignored="0" total="1" passed="1">
  <reporter-output>
  </reporter-output>
  <suite name="Default suite" duration-ms="20424" started-at="2020-09-15T04:09:54Z" finished-at="2020-09-15T04:10:14Z">
    <groups>
    </groups>
    <test name="Default test" duration-ms="20424" started-at="2020-09-15T04:09:54Z" finished-at="2020-09-15T04:10:14Z">
      <class name="com.chewy.test.seleniumTest.chewy.tests.ChewySampleTest">
        <test-method status="PASS" signature="beforeClass()[pri:0, instance:com.chewy.test.seleniumTest.chewy.tests.ChewySampleTest@7ce3cb8e]" name="beforeClass" is-config="true" duration-ms="16" started-at="2020-09-15T04:09:54Z" finished-at="2020-09-15T04:09:54Z">
          <reporter-output>
          </reporter-output>
        </test-method> <!-- beforeClass -->
        <test-method status="PASS" signature="verifyChewySampleTest()[pri:0, instance:com.chewy.test.seleniumTest.chewy.tests.ChewySampleTest@7ce3cb8e]" name="verifyChewySampleTest" duration-ms="20394" started-at="2020-09-15T04:09:54Z" finished-at="2020-09-15T04:10:14Z">
          <reporter-output>
          </reporter-output>
        </test-method> <!-- verifyChewySampleTest -->
      </class> <!-- com.chewy.test.seleniumTest.chewy.tests.ChewySampleTest -->
    </test> <!-- Default test -->
  </suite> <!-- Default suite -->
</testng-results>
